client/app/build/intermediates/manifest_merge_blame_file/release/manifest-merger-blame-release-report.txt
1<?xml version="1.0" encoding="utf-8"?>
2<manifest xmlns:android="http://schemas.android.com/apk/res/android"
3    package="com.example.YI"
4    android:versionCode="7"
5    android:versionName="1.6.1" >
6
7    <uses-sdk
8        android:minSdkVersion="15"
8-->src\main\AndroidManifest.xml
9        android:targetSdkVersion="29" />
9-->src\main\AndroidManifest.xml
10    <!--
11    <uses-permission android:name="android.permission.INTERNET" />
12
13
14
15     <uses-permission android:name="android.permission.ACCESS_NETWORK_STATE" />
16
17     <uses-permission android:name="android.permission.READ_PHONE_STATE" />
18
19     <uses-permission android:name="android.permission.ACCESS_WIFI_STATE" />
20    -->
21    <uses-permission android:name="android.permission.WRITE_EXTERNAL_STORAGE" />
21-->src\main\AndroidManifest.xml:17:5-81
21-->src\main\AndroidManifest.xml:17:22-78
22    <uses-permission android:name="android.permission.READ_EXTERNAL_STORAGE" />
22-->src\main\AndroidManifest.xml:18:5-80
22-->src\main\AndroidManifest.xml:18:22-77
23    <uses-permission android:name="android.permission.MOUNT_UNMOUNT_FILESYSTEMS" />
23-->src\main\AndroidManifest.xml:19:5-21:47
23-->src\main\AndroidManifest.xml:20:9-68
24
25    <application
25-->src\main\AndroidManifest.xml:23:5-47:19
26        android:allowBackup="true"
26-->src\main\AndroidManifest.xml:24:9-35
27        android:appComponentFactory="androidx.core.app.CoreComponentFactory"
27-->[androidx.core:core:1.1.0] AndroidManifest.xml:24:18-86
28        android:icon="@mipmap/ic_launcher"
28-->src\main\AndroidManifest.xml:25:9-43
29        android:label="@string/app_name"
29-->src\main\AndroidManifest.xml:26:9-41
30        android:roundIcon="@mipmap/ic_launcher_round"
30-->src\main\AndroidManifest.xml:27:9-54
31        android:supportsRtl="true"
31-->src\main\AndroidManifest.xml:28:9-35
32        android:theme="@style/AppTheme" >
32-->src\main\AndroidManifest.xml:29:9-40
33        <activity android:name="com.example.YI.CalendarActivity" />
33-->src\main\AndroidManifest.xml:30:9-63
33-->src\main\AndroidManifest.xml:30:19-51
34        <activity android:name="com.example.YI.HelpActivity" />
34-->src\main\AndroidManifest.xml:31:9-50
34-->src\main\AndroidManifest.xml:31:19-47
35        <activity android:name="com.example.YI.NoteActivity" />
35-->src\main\AndroidManifest.xml:32:9-50
35-->src\main\AndroidManifest.xml:32:19-47
36        <activity android:name="com.example.YI.SettingsActivity" />
36-->src\main\AndroidManifest.xml:33:9-54
36-->src\main\AndroidManifest.xml:33:19-51
37        <activity android:name="com.example.YI.TableActivity" />
37-->src\main\AndroidManifest.xml:34:9-51
37-->src\main\AndroidManifest.xml:34:19-48
38        <activity android:name="com.example.YI.MainActivity" >
38-->src\main\AndroidManifest.xml:35:9-41:20
38-->src\main\AndroidManifest.xml:35:19-47
39            <intent-filter android:scheme="http" >
39-->src\main\AndroidManifest.xml:36:13-40:29
39-->src\main\AndroidManifest.xml:36:28-49
40                <action android:name="android.intent.action.MAIN" />
40-->src\main\AndroidManifest.xml:37:17-69
40-->src\main\AndroidManifest.xml:37:25-66
41
42                <category android:name="android.intent.category.LAUNCHER" />
42-->src\main\AndroidManifest.xml:39:17-77
42-->src\main\AndroidManifest.xml:39:27-74
43            </intent-filter>
44        </activity>
45
46        <service
46-->src\main\AndroidManifest.xml:43:9-46:39
47            android:name="com.example.YI.MusicService"
47-->src\main\AndroidManifest.xml:44:13-41
48            android:enabled="true"
48-->src\main\AndroidManifest.xml:45:13-35
49            android:exported="true" />
49-->src\main\AndroidManifest.xml:46:13-36
50    </application>
51
52</manifest>